{
  "stats": {
    "suites": 1,
    "tests": 21,
    "passes": 18,
    "pending": 0,
    "failures": 3,
    "start": "2024-04-05T12:14:46.614Z",
    "end": "2024-04-05T12:15:09.584Z",
    "duration": 22970,
    "testsRegistered": 21,
    "passPercent": 85.71428571428571,
    "pendingPercent": 0,
    "other": 0,
    "hasOther": false,
    "skipped": 0,
    "hasSkipped": false
  },
  "results": [
    {
      "uuid": "645c9d2b-f8e8-4b64-bdac-6a65d678428e",
      "title": "",
      "fullFile": "cypress\\e2e\\frontend\\view-product.cy.js",
      "file": "cypress\\e2e\\frontend\\view-product.cy.js",
      "beforeHooks": [],
      "afterHooks": [],
      "tests": [],
      "suites": [
        {
          "uuid": "6fdd6f3e-2040-4990-adcd-b0fed5d4b65f",
          "title": "Page /products/:productId",
          "fullFile": "",
          "file": "",
          "beforeHooks": [],
          "afterHooks": [],
          "tests": [
            {
              "title": "display product",
              "fullTitle": "Page /products/:productId display product",
              "timedOut": null,
              "duration": 109,
              "state": "passed",
              "speed": "fast",
              "pass": true,
              "fail": false,
              "pending": false,
              "context": null,
              "code": "// Note : Vérifie que tous les éléments du produit sont bien affichés\n(0, _orm.createProduct)().then(({\n  originalProduct,\n  product\n}) => {\n  cy.visit(`http://localhost:5173/products/${product.id}`);\n  cy.get(\"[data-test-product-name]\").should(\"have.text\", product.name);\n  cy.get(\"[data-test-product-description]\").should(\"have.text\", product.description);\n  cy.get(\"[data-test-product-picture]\").invoke(\"attr\", \"src\").should(\"eq\", product.pictureUrl);\n  cy.get(\"[data-test-product-price]\").should(\"contain.text\", product.originalPrice + \" €\");\n  cy.get(\"[data-test-product-end-date]\").should(\"contain.text\", originalProduct.endDate.toLocaleDateString(\"fr-FR\", {\n    year: \"numeric\",\n    month: \"long\",\n    day: \"numeric\"\n  }));\n  cy.get(\"[data-test-product-seller]\").should(\"have.text\", \"alice\").invoke(\"attr\", \"href\").should(\"contain\", _tokens.aliceId);\n});",
              "err": {},
              "uuid": "63236525-9307-4fc5-8135-46ec7713463f",
              "parentUUID": "6fdd6f3e-2040-4990-adcd-b0fed5d4b65f",
              "isHook": false,
              "skipped": false
            },
            {
              "title": "finished countdown",
              "fullTitle": "Page /products/:productId finished countdown",
              "timedOut": null,
              "duration": 89,
              "state": "passed",
              "speed": "fast",
              "pass": true,
              "fail": false,
              "pending": false,
              "context": null,
              "code": "// Note : Si la date de fin de vente est passée, on affiche \"Terminé\"\n(0, _orm.createProduct)(\"past\").then(({\n  product\n}) => {\n  cy.visit(`http://localhost:5173/products/${product.id}`);\n  cy.get(\"[data-test-countdown]\").should(\"contain.text\", \"Terminé\");\n});",
              "err": {},
              "uuid": "1aefd578-cd3b-4654-bd1c-9c5967d5f834",
              "parentUUID": "6fdd6f3e-2040-4990-adcd-b0fed5d4b65f",
              "isHook": false,
              "skipped": false
            },
            {
              "title": "not finished countdown",
              "fullTitle": "Page /products/:productId not finished countdown",
              "timedOut": null,
              "duration": 76,
              "state": "passed",
              "speed": "fast",
              "pass": true,
              "fail": false,
              "pending": false,
              "context": null,
              "code": "// Note : Si la date de fin de vente est passée, on n'affiche pas \"Terminé\"\n(0, _orm.createProduct)(\"futur\").then(({\n  product\n}) => {\n  cy.visit(`http://localhost:5173/products/${product.id}`);\n  cy.get(\"[data-test-countdown]\").should(\"not.contain.text\", \"Terminé\");\n});",
              "err": {},
              "uuid": "14db7243-65f6-414c-a725-a8f05c873c7b",
              "parentUUID": "6fdd6f3e-2040-4990-adcd-b0fed5d4b65f",
              "isHook": false,
              "skipped": false
            },
            {
              "title": "display bids",
              "fullTitle": "Page /products/:productId display bids",
              "timedOut": null,
              "duration": 89,
              "state": "passed",
              "speed": "fast",
              "pass": true,
              "fail": false,
              "pending": false,
              "context": null,
              "code": "// Note : Vérifie que tous les éléments des offres du produit sont bien affichés\n(0, _orm.createBid)(_tokens.casserolesId, 200, _tokens.bobToken).then(({\n  bid\n}) => {\n  cy.visit(`http://localhost:5173/products/${_tokens.casserolesId}`);\n  cy.get(\"[data-test-bid]\").should(\"have.length\", 4);\n  cy.get(\"[data-test-bid]\").first().find(\"[data-test-bid-bidder]\").should(\"have.text\", \"charly\").invoke(\"attr\", \"href\").should(\"contain\", _tokens.charlyId);\n  cy.get(\"[data-test-bid]\").first().find(\"[data-test-bid-price]\").should(\"contain.text\", \"65 €\");\n  cy.get(\"[data-test-bid]\").last().find(\"[data-test-bid-bidder]\").should(\"have.text\", \"bob\").invoke(\"attr\", \"href\").should(\"contain\", _tokens.bobId);\n  cy.get(\"[data-test-bid]\").last().find(\"[data-test-bid-price]\").should(\"contain.text\", bid.price + \" €\");\n  cy.get(\"[data-test-bid]\").last().find(\"[data-test-bid-date]\").should(\"contain.text\", new Date().toLocaleDateString(\"fr-FR\", {\n    year: \"numeric\",\n    month: \"long\",\n    day: \"numeric\"\n  }));\n});",
              "err": {},
              "uuid": "553a6815-0d2c-4fc3-82db-487b469115db",
              "parentUUID": "6fdd6f3e-2040-4990-adcd-b0fed5d4b65f",
              "isHook": false,
              "skipped": false
            },
            {
              "title": "some bids",
              "fullTitle": "Page /products/:productId some bids",
              "timedOut": null,
              "duration": 706,
              "state": "passed",
              "speed": "fast",
              "pass": true,
              "fail": false,
              "pending": false,
              "context": null,
              "code": "// Note : Si au moins une offre existe, on affiche le tableau\ncy.visit(`http://localhost:5173/products/${_tokens.casserolesId}`);\ncy.get(\"[data-test-bids]\").should(\"exist\");\ncy.get(\"[data-test-no-bids]\").should(\"not.exist\");",
              "err": {},
              "uuid": "ef4cbf37-67e9-4558-aaf6-7b9eb2c4f079",
              "parentUUID": "6fdd6f3e-2040-4990-adcd-b0fed5d4b65f",
              "isHook": false,
              "skipped": false
            },
            {
              "title": "no bids",
              "fullTitle": "Page /products/:productId no bids",
              "timedOut": null,
              "duration": 84,
              "state": "passed",
              "speed": "fast",
              "pass": true,
              "fail": false,
              "pending": false,
              "context": null,
              "code": "(0, _orm.createProduct)().then(({\n  product\n}) => {\n  // Note : Si aucune une offre ,'existe, on masque le tableau\n  cy.visit(`http://localhost:5173/products/${product.id}`);\n  cy.get(\"[data-test-bids]\").should(\"not.exist\");\n  cy.get(\"[data-test-no-bids]\").should(\"exist\");\n});",
              "err": {},
              "uuid": "776bce9a-d33e-4ad5-abb2-865efdbf8fd9",
              "parentUUID": "6fdd6f3e-2040-4990-adcd-b0fed5d4b65f",
              "isHook": false,
              "skipped": false
            },
            {
              "title": "only seller and admin can edit or delete product",
              "fullTitle": "Page /products/:productId only seller and admin can edit or delete product",
              "timedOut": null,
              "duration": 1486,
              "state": "passed",
              "speed": "fast",
              "pass": true,
              "fail": false,
              "pending": false,
              "context": null,
              "code": "// Note : Vérifie que l'admin a accès aux boutons d'édition et de suppression\n// Note : Vérifie que l'utilisateur vendeur du produit a accès aux boutons d'édition et de suppression\n// Note : Vérifie qu'un utilisateur non vendeur du produit n'a pas accès aux boutons d'édition et de suppression\ncy.visit(`http://localhost:5173/products/${_tokens.casserolesId}`, {\n  onBeforeLoad: function (window) {\n    window.localStorage.setItem(\"token\", _tokens.adminToken);\n  }\n});\ncy.get(\"[data-test-edit-product]\").should(\"exist\");\ncy.get(\"[data-test-delete-product]\").should(\"exist\");\ncy.visit(`http://localhost:5173/products/${_tokens.casserolesId}`, {\n  onBeforeLoad: function (window) {\n    window.localStorage.setItem(\"token\", _tokens.aliceToken);\n  }\n});\ncy.get(\"[data-test-edit-product]\").should(\"exist\");\ncy.get(\"[data-test-delete-product]\").should(\"exist\");\ncy.visit(`http://localhost:5173/products/${_tokens.casserolesId}`, {\n  onBeforeLoad: function (window) {\n    window.localStorage.setItem(\"token\", _tokens.bobToken);\n  }\n});\ncy.get(\"[data-test-edit-product]\").should(\"not.exist\");\ncy.get(\"[data-test-delete-product]\").should(\"not.exist\");",
              "err": {},
              "uuid": "d7ef9f4c-56d2-4f3b-a9ba-43b8e5d69d87",
              "parentUUID": "6fdd6f3e-2040-4990-adcd-b0fed5d4b65f",
              "isHook": false,
              "skipped": false
            },
            {
              "title": "product edition button",
              "fullTitle": "Page /products/:productId product edition button",
              "timedOut": null,
              "duration": 528,
              "state": "passed",
              "speed": "fast",
              "pass": true,
              "fail": false,
              "pending": false,
              "context": null,
              "code": "// Note : Vérifie que bouton d'édition d'un produit cible le bon endroit\ncy.visit(`http://localhost:5173/products/${_tokens.casserolesId}`, {\n  onBeforeLoad: function (window) {\n    window.localStorage.setItem(\"token\", _tokens.aliceToken);\n  }\n});\ncy.get(\"[data-test-edit-product]\").should(\"exist\").invoke(\"attr\", \"href\").should(\"contain\", _tokens.casserolesId).should(\"contain\", \"/edit\");",
              "err": {},
              "uuid": "bf990731-a2e0-4e80-9fc1-633f4a8994a3",
              "parentUUID": "6fdd6f3e-2040-4990-adcd-b0fed5d4b65f",
              "isHook": false,
              "skipped": false
            },
            {
              "title": "product deletion button",
              "fullTitle": "Page /products/:productId product deletion button",
              "timedOut": null,
              "duration": 211,
              "state": "passed",
              "speed": "fast",
              "pass": true,
              "fail": false,
              "pending": false,
              "context": null,
              "code": "// Note : Vérifie que bouton de suppression d'un produit supprime bien le produit\ncy.visit(`http://localhost:5173/products/${_tokens.casserolesId}`, {\n  onBeforeLoad: function (window) {\n    window.localStorage.setItem(\"token\", _tokens.aliceToken);\n  }\n});\n(0, _orm.getProducts)().then(({\n  products: productsBeforeDeletion\n}) => {\n  cy.get(\"[data-test-delete-product]\").click();\n  (0, _orm.getProducts)().then(({\n    products: productsAfterDeletion\n  }) => {\n    expect(productsBeforeDeletion.length).to.be.greaterThan(productsAfterDeletion.length);\n  });\n});",
              "err": {},
              "uuid": "da47e40f-4ce2-4119-aeff-687859625ce2",
              "parentUUID": "6fdd6f3e-2040-4990-adcd-b0fed5d4b65f",
              "isHook": false,
              "skipped": false
            },
            {
              "title": "admin can delete bid",
              "fullTitle": "Page /products/:productId admin can delete bid",
              "timedOut": null,
              "duration": 382,
              "state": "passed",
              "speed": "fast",
              "pass": true,
              "fail": false,
              "pending": false,
              "context": null,
              "code": "// Note : Vérifie que l'admin peut supprimer n'importe quel offre\ncy.visit(`http://localhost:5173/products/${_tokens.casserolesId}`, {\n  onBeforeLoad: function (window) {\n    window.localStorage.setItem(\"token\", _tokens.adminToken);\n  }\n});\ncy.get(\"[data-test-delete-bid]\").should(\"have.length\", 3);",
              "err": {},
              "uuid": "950671eb-75a6-4bf2-8003-48399a391120",
              "parentUUID": "6fdd6f3e-2040-4990-adcd-b0fed5d4b65f",
              "isHook": false,
              "skipped": false
            },
            {
              "title": "bidder can delete bid",
              "fullTitle": "Page /products/:productId bidder can delete bid",
              "timedOut": null,
              "duration": 4356,
              "state": "failed",
              "speed": null,
              "pass": false,
              "fail": true,
              "pending": false,
              "context": null,
              "code": "// Note : Vérifie qu'une offre est supprimable par l'utilisateur l'ayant fait\ncy.visit(`http://localhost:5173/products/${_tokens.casserolesId}`, {\n  onBeforeLoad: function (window) {\n    window.localStorage.setItem(\"token\", _tokens.bobToken);\n  }\n});\ncy.get(\"[data-test-delete-bid]\").should(\"have.length\", 1);\ncy.visit(`http://localhost:5173/products/${_tokens.casserolesId}`, {\n  onBeforeLoad: function (window) {\n    window.localStorage.setItem(\"token\", _tokens.charlyToken);\n  }\n});\ncy.get(\"[data-test-delete-bid]\").should(\"have.length\", 2);",
              "err": {
                "message": "AssertionError: Timed out retrying after 4000ms: Too many elements found. Found '3', expected '1'.",
                "estack": "AssertionError: Timed out retrying after 4000ms: Too many elements found. Found '3', expected '1'.\n    at Context.eval (webpack://frontend/./cypress/e2e/frontend/view-product.cy.js:232:37)",
                "diff": "- 3\n+ 1\n"
              },
              "uuid": "fb741712-ba6f-45a1-a77d-bea9502ecfd2",
              "parentUUID": "6fdd6f3e-2040-4990-adcd-b0fed5d4b65f",
              "isHook": false,
              "skipped": false
            },
            {
              "title": "not bidder cannot delete bid",
              "fullTitle": "Page /products/:productId not bidder cannot delete bid",
              "timedOut": null,
              "duration": 285,
              "state": "passed",
              "speed": "fast",
              "pass": true,
              "fail": false,
              "pending": false,
              "context": null,
              "code": "// Note : Vérifie qu'une offre n'est supprimable par un utilisateur ne l'ayant pas fait\ncy.visit(`http://localhost:5173/products/${_tokens.casserolesId}`, {\n  onBeforeLoad: function (window) {\n    window.localStorage.setItem(\"token\", _tokens.aliceToken);\n  }\n});\ncy.get(\"[data-test-delete-bid]\").should(\"have.length\", 0);",
              "err": {},
              "uuid": "3f5d29d3-e545-4e27-bc3f-b6533ff46111",
              "parentUUID": "6fdd6f3e-2040-4990-adcd-b0fed5d4b65f",
              "isHook": false,
              "skipped": false
            },
            {
              "title": "bid deletion button",
              "fullTitle": "Page /products/:productId bid deletion button",
              "timedOut": null,
              "duration": 4314,
              "state": "failed",
              "speed": null,
              "pass": false,
              "fail": true,
              "pending": false,
              "context": null,
              "code": "// Note : Vérifie que le bouton de suppression d'une offre fonctionne bien\ncy.visit(`http://localhost:5173/products/${_tokens.casserolesId}`, {\n  onBeforeLoad: function (window) {\n    window.localStorage.setItem(\"token\", _tokens.bobToken);\n  }\n});\ncy.get(\"[data-test-delete-bid]\").should(\"have.length\", 1);\n(0, _orm.getProduct)(_tokens.casserolesId).then(({\n  product: productBeforeBidDeletion\n}) => {\n  cy.get(\"[data-test-delete-bid]\").click();\n  cy.get(\"[data-test-delete-bid]\").should(\"have.length\", 0);\n  (0, _orm.getProduct)(_tokens.casserolesId).then(({\n    product: productAfterBidDeletion\n  }) => {\n    expect(productBeforeBidDeletion.bids.length).to.be.greaterThan(productAfterBidDeletion.bids.length);\n  });\n});",
              "err": {
                "message": "AssertionError: Timed out retrying after 4000ms: Too many elements found. Found '3', expected '1'.",
                "estack": "AssertionError: Timed out retrying after 4000ms: Too many elements found. Found '3', expected '1'.\n    at Context.eval (webpack://frontend/./cypress/e2e/frontend/view-product.cy.js:264:37)",
                "diff": "- 3\n+ 1\n"
              },
              "uuid": "d4a36e86-16f3-425c-bc30-7277ec890ffc",
              "parentUUID": "6fdd6f3e-2040-4990-adcd-b0fed5d4b65f",
              "isHook": false,
              "skipped": false
            },
            {
              "title": "only seller cannot add a bid",
              "fullTitle": "Page /products/:productId only seller cannot add a bid",
              "timedOut": null,
              "duration": 857,
              "state": "passed",
              "speed": "fast",
              "pass": true,
              "fail": false,
              "pending": false,
              "context": null,
              "code": "// Note : Vérifie que le vendeur ne peut pas faire d'offre sur son produit\n// Note : Vérifie qu'un non-vendeur peut faire une offre sur le produit\ncy.visit(`http://localhost:5173/products/${_tokens.casserolesId}`, {\n  onBeforeLoad: function (window) {\n    window.localStorage.setItem(\"token\", _tokens.aliceToken);\n  }\n});\ncy.get(\"[data-test-submit-bid]\").should(\"not.exist\");\ncy.visit(`http://localhost:5173/products/${_tokens.casserolesId}`, {\n  onBeforeLoad: function (window) {\n    window.localStorage.setItem(\"token\", _tokens.bobToken);\n  }\n});\ncy.get(\"[data-test-submit-bid]\").should(\"exist\");",
              "err": {},
              "uuid": "14690db7-e836-455f-8300-f1fc02427b42",
              "parentUUID": "6fdd6f3e-2040-4990-adcd-b0fed5d4b65f",
              "isHook": false,
              "skipped": false
            },
            {
              "title": "require minimum bid amount",
              "fullTitle": "Page /products/:productId require minimum bid amount",
              "timedOut": null,
              "duration": 5043,
              "state": "failed",
              "speed": null,
              "pass": false,
              "fail": true,
              "pending": false,
              "context": null,
              "code": "// Note : Vérifie que le formulaire d'offre est validable seulement quand l'offre est supérieur au prix de départ et à la plus haute offre\ncy.visit(`http://localhost:5173/products/${_tokens.casserolesId}`, {\n  onBeforeLoad: function (window) {\n    window.localStorage.setItem(\"token\", _tokens.bobToken);\n  }\n});\ncy.get(\"[data-test-bid-form-price]\").type(\"{selectAll}{del}\").type(100);\ncy.get(\"[data-test-submit-bid]\").should(\"have.attr\", \"disabled\");\ncy.get(\"[data-test-bid-form-price]\").type(\"{selectAll}{del}\").type(200);\ncy.get(\"[data-test-submit-bid]\").should(\"not.have.attr\", \"disabled\");",
              "err": {
                "message": "AssertionError: Timed out retrying after 4000ms: expected '<button.btn.btn-primary>' not to have attribute 'disabled'",
                "estack": "AssertionError: Timed out retrying after 4000ms: expected '<button.btn.btn-primary>' not to have attribute 'disabled'\n    at Context.eval (webpack://frontend/./cypress/e2e/frontend/view-product.cy.js:314:37)",
                "diff": null
              },
              "uuid": "b2858f2b-ea80-49fb-85fa-29976c3e47a7",
              "parentUUID": "6fdd6f3e-2040-4990-adcd-b0fed5d4b65f",
              "isHook": false,
              "skipped": false
            },
            {
              "title": "preset minimum bid amount",
              "fullTitle": "Page /products/:productId preset minimum bid amount",
              "timedOut": null,
              "duration": 104,
              "state": "passed",
              "speed": "fast",
              "pass": true,
              "fail": false,
              "pending": false,
              "context": null,
              "code": "// Note : Vérifie que le formulaire d'offre vaut part défaut le prix de la plus haute offre + 1€\n(0, _orm.createProduct)(\"futur\", _tokens.aliceToken).then(({\n  product\n}) => {\n  (0, _orm.createBid)(product.id, product.originalPrice, _tokens.bobToken).then(({\n    bid\n  }) => {\n    cy.visit(`http://localhost:5173/products/${product.id}`, {\n      onBeforeLoad: function (window) {\n        window.localStorage.setItem(\"token\", _tokens.charlyToken);\n      }\n    });\n    cy.get(\"[data-test-bid-form-price]\").should(\"have.value\", bid.price + 1);\n  });\n});",
              "err": {},
              "uuid": "49f7ffbf-5603-4e8a-9ba9-35d3b69b369d",
              "parentUUID": "6fdd6f3e-2040-4990-adcd-b0fed5d4b65f",
              "isHook": false,
              "skipped": false
            },
            {
              "title": "add a bid",
              "fullTitle": "Page /products/:productId add a bid",
              "timedOut": null,
              "duration": 1418,
              "state": "passed",
              "speed": "fast",
              "pass": true,
              "fail": false,
              "pending": false,
              "context": null,
              "code": "// Note : Vérifie que la soumission du formulaire d'offre ajoute bien une offre\ncy.visit(`http://localhost:5173/products/${_tokens.casserolesId}`, {\n  onBeforeLoad: function (window) {\n    window.localStorage.setItem(\"token\", _tokens.bobToken);\n  }\n});\ncy.get(\"[data-test-bid-form-price]\").type(\"{selectAll}{del}\").type(200);\n(0, _orm.getProduct)(_tokens.casserolesId).then(({\n  product: productBeforeBidAddition\n}) => {\n  cy.get(\"[data-test-submit-bid]\").click();\n  (0, _orm.getProduct)(_tokens.casserolesId).then(({\n    product: productAfterBidAddition\n  }) => {\n    expect(productAfterBidAddition.bids.length).greaterThan(productBeforeBidAddition.bids.length);\n    const lastBid = productAfterBidAddition.bids[productAfterBidAddition.bids.length - 1];\n    expect(lastBid.price).to.eq(200);\n  });\n});",
              "err": {},
              "uuid": "14be33e5-1c60-4328-b0c0-a327bda634af",
              "parentUUID": "6fdd6f3e-2040-4990-adcd-b0fed5d4b65f",
              "isHook": false,
              "skipped": false
            },
            {
              "title": "pending countdown",
              "fullTitle": "Page /products/:productId pending countdown",
              "timedOut": null,
              "duration": 128,
              "state": "passed",
              "speed": "fast",
              "pass": true,
              "fail": false,
              "pending": false,
              "context": null,
              "code": "// Note : Vérifie le décompte du compte à rebours, afficher au format 9j 23h 59m 59s\n(0, _orm.createProduct)(\"ten_days_later\").then(({\n  product\n}) => {\n  cy.visit(`http://localhost:5173/products/${product.id}`);\n  cy.get(\"[data-test-countdown]\").should(\"contain.text\", \"9j 23h 59min\");\n  cy.get(\"[data-test-countdown]\").then(el => {\n    const instantOne = el.text();\n    expect(instantOne).to.match(/\\ds$/);\n    // eslint-disable-next-line cypress/no-unnecessary-waiting\n    cy.wait(1000);\n    cy.get(\"[data-test-countdown]\").then(el => {\n      const instantTwo = el.text();\n      expect(instantOne).to.match(/\\ds$/);\n      // eslint-disable-next-line cypress/no-unnecessary-waiting\n      cy.wait(1000);\n      expect(instantTwo).not.eq(instantOne);\n      cy.get(\"[data-test-countdown]\").then(el => {\n        const instantThree = el.text();\n        expect(instantOne).to.match(/\\ds$/);\n        // eslint-disable-next-line cypress/no-unnecessary-waiting\n        cy.wait(1000);\n        expect(instantThree).not.eq(instantTwo);\n      });\n    });\n  });\n});",
              "err": {},
              "uuid": "1f37b3cc-c34a-4265-b081-3a5938af82f4",
              "parentUUID": "6fdd6f3e-2040-4990-adcd-b0fed5d4b65f",
              "isHook": false,
              "skipped": false
            },
            {
              "title": "loading",
              "fullTitle": "Page /products/:productId loading",
              "timedOut": null,
              "duration": 254,
              "state": "passed",
              "speed": "fast",
              "pass": true,
              "fail": false,
              "pending": false,
              "context": null,
              "code": "// Note : Vérifie la présence d'un spinner au chargement\ncy.intercept(\"http://localhost:3000/api/products\", {\n  delay: 10000\n});\ncy.visit(`http://localhost:5173/products/${_tokens.casserolesId}`);\ncy.get(\"[data-test-loading]\").should(\"exist\");\ncy.get(\"[data-test-error]\").should(\"not.exist\");\ncy.get(\"[data-test-product]\").should(\"not.exist\");",
              "err": {},
              "uuid": "2615e850-2c43-492a-8a84-d8207e70bafd",
              "parentUUID": "6fdd6f3e-2040-4990-adcd-b0fed5d4b65f",
              "isHook": false,
              "skipped": false
            },
            {
              "title": "error message",
              "fullTitle": "Page /products/:productId error message",
              "timedOut": null,
              "duration": 214,
              "state": "passed",
              "speed": "fast",
              "pass": true,
              "fail": false,
              "pending": false,
              "context": null,
              "code": "// Note : Vérifie la présence d'une erreur en cas d'échec de chargement\ncy.intercept(`http://localhost:3000/api/products/${_tokens.casserolesId}`, {\n  statusCode: 500\n});\ncy.visit(`http://localhost:5173/products/${_tokens.casserolesId}`);\ncy.get(\"[data-test-loading]\").should(\"not.exist\");\ncy.get(\"[data-test-error]\").should(\"exist\");\ncy.get(\"[data-test-product]\").should(\"not.exist\");",
              "err": {},
              "uuid": "42157570-f11b-4268-a07d-cbf6a34a246d",
              "parentUUID": "6fdd6f3e-2040-4990-adcd-b0fed5d4b65f",
              "isHook": false,
              "skipped": false
            },
            {
              "title": "ready",
              "fullTitle": "Page /products/:productId ready",
              "timedOut": null,
              "duration": 454,
              "state": "passed",
              "speed": "fast",
              "pass": true,
              "fail": false,
              "pending": false,
              "context": null,
              "code": "// Note : Vérifie la présence du contenu quand tout s'est bien chargé\ncy.intercept(`http://localhost:3000/api/products/${_tokens.casserolesId}`);\ncy.visit(`http://localhost:5173/products/${_tokens.casserolesId}`);\ncy.get(\"[data-test-loading]\").should(\"not.exist\");\ncy.get(\"[data-test-error]\").should(\"not.exist\");\ncy.get(\"[data-test-product]\").should(\"exist\");",
              "err": {},
              "uuid": "43d79f83-2b05-4a04-9579-7c90f685b33e",
              "parentUUID": "6fdd6f3e-2040-4990-adcd-b0fed5d4b65f",
              "isHook": false,
              "skipped": false
            }
          ],
          "suites": [],
          "passes": [
            "63236525-9307-4fc5-8135-46ec7713463f",
            "1aefd578-cd3b-4654-bd1c-9c5967d5f834",
            "14db7243-65f6-414c-a725-a8f05c873c7b",
            "553a6815-0d2c-4fc3-82db-487b469115db",
            "ef4cbf37-67e9-4558-aaf6-7b9eb2c4f079",
            "776bce9a-d33e-4ad5-abb2-865efdbf8fd9",
            "d7ef9f4c-56d2-4f3b-a9ba-43b8e5d69d87",
            "bf990731-a2e0-4e80-9fc1-633f4a8994a3",
            "da47e40f-4ce2-4119-aeff-687859625ce2",
            "950671eb-75a6-4bf2-8003-48399a391120",
            "3f5d29d3-e545-4e27-bc3f-b6533ff46111",
            "14690db7-e836-455f-8300-f1fc02427b42",
            "49f7ffbf-5603-4e8a-9ba9-35d3b69b369d",
            "14be33e5-1c60-4328-b0c0-a327bda634af",
            "1f37b3cc-c34a-4265-b081-3a5938af82f4",
            "2615e850-2c43-492a-8a84-d8207e70bafd",
            "42157570-f11b-4268-a07d-cbf6a34a246d",
            "43d79f83-2b05-4a04-9579-7c90f685b33e"
          ],
          "failures": [
            "fb741712-ba6f-45a1-a77d-bea9502ecfd2",
            "d4a36e86-16f3-425c-bc30-7277ec890ffc",
            "b2858f2b-ea80-49fb-85fa-29976c3e47a7"
          ],
          "pending": [],
          "skipped": [],
          "duration": 21187,
          "root": false,
          "rootEmpty": false,
          "_timeout": 2000
        }
      ],
      "passes": [],
      "failures": [],
      "pending": [],
      "skipped": [],
      "duration": 0,
      "root": true,
      "rootEmpty": true,
      "_timeout": 2000
    }
  ],
  "meta": {
    "mocha": {
      "version": "7.0.1"
    },
    "mochawesome": {
      "options": {
        "quiet": false,
        "reportFilename": "mochawesome",
        "saveHtml": false,
        "saveJson": true,
        "consoleReporter": "spec",
        "useInlineDiffs": false,
        "code": true
      },
      "version": "7.1.3"
    },
    "marge": {
      "options": {
        "reportDir": "cypress/results",
        "overwrite": false,
        "html": false,
        "json": true
      },
      "version": "6.2.0"
    }
  }
}